0 info it worked if it ends with ok
1 verbose cli [ 'D:\\nodejs\\node.exe',
1 verbose cli   'D:\\nodejs\\node_modules\\npm\\bin\\npm-cli.js',
1 verbose cli   'run',
1 verbose cli   'dev' ]
2 info using npm@3.10.10
3 info using node@v6.10.3
4 verbose run-script [ 'predev', 'dev', 'postdev' ]
5 info lifecycle node@1.0.0~predev: node@1.0.0
6 silly lifecycle node@1.0.0~predev: no script for predev, continuing
7 info lifecycle node@1.0.0~dev: node@1.0.0
8 verbose lifecycle node@1.0.0~dev: unsafe-perm in lifecycle true
9 verbose lifecycle node@1.0.0~dev: PATH: D:\nodejs\node_modules\npm\bin\node-gyp-bin;D:\wamp64\www\Exercice Node\node_modules\.bin;D:\cmder\bin;D:\cmder\vendor\git-for-windows\cmd;D:\cmder\vendor\conemu-maximus5\ConEmu\Scripts;D:\cmder\vendor\conemu-maximus5;D:\cmder\vendor\conemu-maximus5\ConEmu;C:\Windows\system32;C:\Windows;C:\Windows\System32\Wbem;C:\Windows\System32\WindowsPowerShell\v1.0\;C:\Program Files (x86)\NVIDIA Corporation\PhysX\Common;C:\Program Files (x86)\Skype\Phone\;C:\Program Files\Prio;D:\wamp64\bin\php\php5.6.25;C:\Program Files (x86)\Calibre2\;D:\nodejs\;C:\Users\Lyrut\AppData\Local\atom\bin;C:\Users\Lyrut\AppData\Roaming\npm;D:\cmder\vendor\git-for-windows\usr\bin;D:\cmder\vendor\git-for-windows\usr\share\vim\vim74;D:\cmder\
10 verbose lifecycle node@1.0.0~dev: CWD: D:\wamp64\www\Exercice Node
11 silly lifecycle node@1.0.0~dev: Args: [ '/d /s /c', 'webpack-dev-server' ]
12 silly lifecycle node@1.0.0~dev: Returned: code: 3221225786  signal: null
13 info lifecycle node@1.0.0~dev: Failed to exec dev script
14 verbose stack Error: node@1.0.0 dev: `webpack-dev-server`
14 verbose stack Exit status 3221225786
14 verbose stack     at EventEmitter.<anonymous> (D:\nodejs\node_modules\npm\lib\utils\lifecycle.js:255:16)
14 verbose stack     at emitTwo (events.js:106:13)
14 verbose stack     at EventEmitter.emit (events.js:191:7)
14 verbose stack     at ChildProcess.<anonymous> (D:\nodejs\node_modules\npm\lib\utils\spawn.js:40:14)
14 verbose stack     at emitTwo (events.js:106:13)
14 verbose stack     at ChildProcess.emit (events.js:191:7)
14 verbose stack     at maybeClose (internal/child_process.js:886:16)
14 verbose stack     at Process.ChildProcess._handle.onexit (internal/child_process.js:226:5)
15 verbose pkgid node@1.0.0
16 verbose cwd D:\wamp64\www\Exercice Node
17 error Windows_NT 10.0.10586
18 error argv "D:\\nodejs\\node.exe" "D:\\nodejs\\node_modules\\npm\\bin\\npm-cli.js" "run" "dev"
19 error node v6.10.3
20 error npm  v3.10.10
21 error code ELIFECYCLE
22 error node@1.0.0 dev: `webpack-dev-server`
22 error Exit status 3221225786
23 error Failed at the node@1.0.0 dev script 'webpack-dev-server'.
23 error Make sure you have the latest version of node.js and npm installed.
23 error If you do, this is most likely a problem with the node package,
23 error not with npm itself.
23 error Tell the author that this fails on your system:
23 error     webpack-dev-server
23 error You can get information on how to open an issue for this project with:
23 error     npm bugs node
23 error Or if that isn't available, you can get their info via:
23 error     npm owner ls node
23 error There is likely additional logging output above.
24 verbose exit [ 1, true ]
